[    0.000000] Initializing cgroup subsys cpuset
[    0.000000] Initializing cgroup subsys cpu
[    0.000000] Initializing cgroup subsys cpuacct
[    0.000000] Linux version 4.4.0-186-generic (buildd@lcy01-amd64-002) (gcc version 5.4.0 20160609 (Ubuntu 5.4.0-6ubuntu1~16.04.12) ) #216-Ubuntu SMP Wed Jul 1 05:34:05 UTC 2020 (Ubuntu 4.4.0-186.216-generic 4.4.228)
[    0.000000] Command line: BOOT_IMAGE=/boot/vmlinuz-4.4.0-186-generic root=LABEL=cloudimg-rootfs ro console=tty1 console=ttyS0
[    0.000000] KERNEL supported cpus:
[    0.000000]   Intel GenuineIntel
[    0.000000]   AMD AuthenticAMD
[    0.000000]   Centaur CentaurHauls
[    0.000000] x86/fpu: xstate_offset[2]:  576, xstate_sizes[2]:  256
[    0.000000] x86/fpu: Supporting XSAVE feature 0x01: 'x87 floating point registers'
[    0.000000] x86/fpu: Supporting XSAVE feature 0x02: 'SSE registers'
[    0.000000] x86/fpu: Supporting XSAVE feature 0x04: 'AVX registers'
[    0.000000] x86/fpu: Enabled xstate features 0x7, context size is 832 bytes, using 'standard' format.
[    0.000000] e820: BIOS-provided physical RAM map:
[    0.000000] BIOS-e820: [mem 0x0000000000000000-0x000000000009fbff] usable
[    0.000000] BIOS-e820: [mem 0x000000000009fc00-0x000000000009ffff] reserved
[    0.000000] BIOS-e820: [mem 0x00000000000f0000-0x00000000000fffff] reserved
[    0.000000] BIOS-e820: [mem 0x0000000000100000-0x000000003ffeffff] usable
[    0.000000] BIOS-e820: [mem 0x000000003fff0000-0x000000003fffffff] ACPI data
[    0.000000] BIOS-e820: [mem 0x00000000fec00000-0x00000000fec00fff] reserved
[    0.000000] BIOS-e820: [mem 0x00000000fee00000-0x00000000fee00fff] reserved
[    0.000000] BIOS-e820: [mem 0x00000000fffc0000-0x00000000ffffffff] reserved
[    0.000000] NX (Execute Disable) protection: active
[    0.000000] SMBIOS 2.5 present.
[    0.000000] Hypervisor detected: KVM
[    0.000000] e820: last_pfn = 0x3fff0 max_arch_pfn = 0x400000000
[    0.000000] MTRR: Disabled
[    0.000000] x86/PAT: MTRRs disabled, skipping PAT initialization too.
[    0.000000] CPU MTRRs all blank - virtualized system.
[    0.000000] x86/PAT: Configuration [0-7]: WB  WT  UC- UC  WB  WT  UC- UC  
[    0.000000] found SMP MP-table at [mem 0x0009fff0-0x0009ffff] mapped at [ffff88000009fff0]
[    0.000000] Scanning 1 areas for low memory corruption
[    0.000000] RAMDISK: [mem 0x362de000-0x37166fff]
[    0.000000] ACPI: Early table checksum verification disabled
[    0.000000] ACPI: RSDP 0x00000000000E0000 000024 (v02 VBOX  )
[    0.000000] ACPI: XSDT 0x000000003FFF0030 00003C (v01 VBOX   VBOXXSDT 00000001 ASL  00000061)
[    0.000000] ACPI: FACP 0x000000003FFF00F0 0000F4 (v04 VBOX   VBOXFACP 00000001 ASL  00000061)
[    0.000000] ACPI: DSDT 0x000000003FFF0470 002325 (v02 VBOX   VBOXBIOS 00000002 INTL 20100528)
[    0.000000] ACPI: FACS 0x000000003FFF0200 000040
[    0.000000] ACPI: FACS 0x000000003FFF0200 000040
[    0.000000] ACPI: APIC 0x000000003FFF0240 00005C (v02 VBOX   VBOXAPIC 00000001 ASL  00000061)
[    0.000000] ACPI: SSDT 0x000000003FFF02A0 0001CC (v01 VBOX   VBOXCPUT 00000002 INTL 20100528)
[    0.000000] No NUMA configuration found
[    0.000000] Faking a node at [mem 0x0000000000000000-0x000000003ffeffff]
[    0.000000] NODE_DATA(0) allocated [mem 0x3ffeb000-0x3ffeffff]
[    0.000000] kvm-clock: Using msrs 4b564d01 and 4b564d00
[    0.000000] kvm-clock: cpu 0, msr 0:3ffe3001, primary cpu clock
[    0.000000] kvm-clock: using sched offset of 7659900083 cycles
[    0.000000] clocksource: kvm-clock: mask: 0xffffffffffffffff max_cycles: 0x1cd42e4dffb, max_idle_ns: 881590591483 ns
[    0.000000] Zone ranges:
[    0.000000]   DMA      [mem 0x0000000000001000-0x0000000000ffffff]
[    0.000000]   DMA32    [mem 0x0000000001000000-0x000000003ffeffff]
[    0.000000]   Normal   empty
[    0.000000]   Device   empty
[    0.000000] Movable zone start for each node
[    0.000000] Early memory node ranges
[    0.000000]   node   0: [mem 0x0000000000001000-0x000000000009efff]
[    0.000000]   node   0: [mem 0x0000000000100000-0x000000003ffeffff]
[    0.000000] Initmem setup node 0 [mem 0x0000000000001000-0x000000003ffeffff]
[    0.000000] ACPI: PM-Timer IO Port: 0x4008
[    0.000000] IOAPIC[0]: apic_id 2, version 32, address 0xfec00000, GSI 0-23
[    0.000000] ACPI: INT_SRC_OVR (bus 0 bus_irq 0 global_irq 2 dfl dfl)
[    0.000000] ACPI: INT_SRC_OVR (bus 0 bus_irq 9 global_irq 9 low level)
[    0.000000] Using ACPI (MADT) for SMP configuration information
[    0.000000] smpboot: Allowing 2 CPUs, 0 hotplug CPUs
[    0.000000] PM: Registered nosave memory: [mem 0x00000000-0x00000fff]
[    0.000000] PM: Registered nosave memory: [mem 0x0009f000-0x0009ffff]
[    0.000000] PM: Registered nosave memory: [mem 0x000a0000-0x000effff]
[    0.000000] PM: Registered nosave memory: [mem 0x000f0000-0x000fffff]
[    0.000000] e820: [mem 0x40000000-0xfebfffff] available for PCI devices
[    0.000000] Booting paravirtualized kernel on KVM
[    0.000000] clocksource: refined-jiffies: mask: 0xffffffff max_cycles: 0xffffffff, max_idle_ns: 7645519600211568 ns
[    0.000000] setup_percpu: NR_CPUS:512 nr_cpumask_bits:512 nr_cpu_ids:2 nr_node_ids:1
[    0.000000] PERCPU: Embedded 33 pages/cpu @ffff88003fc00000 s95512 r8192 d31464 u1048576
[    0.000000] Built 1 zonelists in Node order, mobility grouping on.  Total pages: 257912
[    0.000000] Policy zone: DMA32
[    0.000000] Kernel command line: BOOT_IMAGE=/boot/vmlinuz-4.4.0-186-generic root=LABEL=cloudimg-rootfs ro console=tty1 console=ttyS0
[    0.000000] PID hash table entries: 4096 (order: 3, 32768 bytes)
[    0.000000] Memory: 997660K/1048120K available (8636K kernel code, 1337K rwdata, 4040K rodata, 1492K init, 1296K bss, 50460K reserved, 0K cma-reserved)
[    0.000000] SLUB: HWalign=64, Order=0-3, MinObjects=0, CPUs=2, Nodes=1
[    0.000000] Kernel/User page tables isolation: enabled
[    0.000000] Hierarchical RCU implementation.
[    0.000000] 	Build-time adjustment of leaf fanout to 64.
[    0.000000] 	RCU restricting CPUs from NR_CPUS=512 to nr_cpu_ids=2.
[    0.000000] RCU: Adjusting geometry for rcu_fanout_leaf=64, nr_cpu_ids=2
[    0.000000] NR_IRQS:33024 nr_irqs:440 16
[    0.000000] Console: colour VGA+ 80x25
[    0.000000] console [tty1] enabled
[    0.000000] console [ttyS0] enabled
[    0.000000] tsc: Detected 2303.998 MHz processor
[    0.747579] Calibrating delay loop (skipped) preset value.. 4607.99 BogoMIPS (lpj=9215992)
[    0.751450] pid_max: default: 32768 minimum: 301
[    0.753366] ACPI: Core revision 20150930
[    0.756231] ACPI: 2 ACPI AML tables successfully acquired and loaded
[    0.765476] Security Framework initialized
[    0.768189] Yama: becoming mindful.
[    0.769845] AppArmor: AppArmor initialized
[    0.774161] Dentry cache hash table entries: 131072 (order: 8, 1048576 bytes)
[    0.780475] Inode-cache hash table entries: 65536 (order: 7, 524288 bytes)
[    0.784142] Mount-cache hash table entries: 2048 (order: 2, 16384 bytes)
[    0.786438] Mountpoint-cache hash table entries: 2048 (order: 2, 16384 bytes)
[    0.789793] Initializing cgroup subsys io
[    0.795574] Initializing cgroup subsys memory
[    0.797383] Initializing cgroup subsys devices
[    0.800592] Initializing cgroup subsys freezer
[    0.810396] Initializing cgroup subsys net_cls
[    0.813637] Initializing cgroup subsys perf_event
[    0.815949] Initializing cgroup subsys net_prio
[    0.817523] Initializing cgroup subsys hugetlb
[    0.819095] Initializing cgroup subsys pids
[    0.822209] mce: CPU supports 0 MCE banks
[    0.823879] Last level iTLB entries: 4KB 64, 2MB 8, 4MB 8
[    0.827328] Last level dTLB entries: 4KB 64, 2MB 0, 4MB 0, 1GB 4
[    0.832255] Spectre V1 : Mitigation: usercopy/swapgs barriers and __user pointer sanitization
[    0.836220] Spectre V2 : Mitigation: Full generic retpoline
[    0.838037] Spectre V2 : Spectre v2 / SpectreRSB mitigation: Filling RSB on context switch
[    0.843213] Speculative Store Bypass: Vulnerable
[    0.845554] SRBDS: Unknown: Dependent on hypervisor status
[    0.847928] MDS: Mitigation: Clear CPU buffers
[    0.855446] Freeing SMP alternatives memory: 36K
[    0.894823] ftrace: allocating 32334 entries in 127 pages
[    1.184656] smpboot: APIC(0) Converting physical 0 to logical package 0
[    1.199978] smpboot: Max logical packages: 1
[    1.205750] x2apic enabled
[    1.216272] Switched APIC routing to physical x2apic.
[    1.232412] ..TIMER: vector=0x30 apic1=0 pin1=2 apic2=-1 pin2=-1
[    1.346694] smpboot: CPU0: Intel(R) Core(TM) i5-7360U CPU @ 2.30GHz (family: 0x6, model: 0x8e, stepping: 0x9)
[    1.355246] Performance Events: unsupported p6 CPU model 142 no PMU driver, software events only.
[    1.419416] KVM setup paravirtual spinlock
[    1.437555] x86: Booting SMP configuration:
[    1.441704] .... node  #0, CPUs:      #1
[    1.447935] kvm-clock: cpu 1, msr 0:3ffe3041, secondary cpu clock
[    1.451644] mce: CPU supports 0 MCE banks
[    1.461409] x86: Booted up 1 node, 2 CPUs
[    1.471017] smpboot: Total of 2 processors activated (9215.99 BogoMIPS)
[    1.479323] devtmpfs: initialized
[    1.501256] evm: security.selinux
[    1.505247] evm: security.SMACK64
[    1.509831] evm: security.SMACK64EXEC
[    1.515996] evm: security.SMACK64TRANSMUTE
[    1.538488] evm: security.SMACK64MMAP
[    1.549608] evm: security.ima
[    1.573471] evm: security.capability
[    1.578857] clocksource: jiffies: mask: 0xffffffff max_cycles: 0xffffffff, max_idle_ns: 7645041785100000 ns
[    1.584002] futex hash table entries: 512 (order: 3, 32768 bytes)
[    1.588686] pinctrl core: initialized pinctrl subsystem
[    1.612687] RTC time: 19:22:01, date: 07/28/20
[    1.622215] NET: Registered protocol family 16
[    1.652023] cpuidle: using governor ladder
[    1.668731] cpuidle: using governor menu
[    1.677448] PCCT header not found.
[    1.682515] ACPI: bus type PCI registered
[    1.687679] acpiphp: ACPI Hot Plug PCI Controller Driver version: 0.5
[    1.713115] PCI: Using configuration type 1 for base access
[    1.764876] ACPI: Added _OSI(Module Device)
[    1.784378] ACPI: Added _OSI(Processor Device)
[    1.790115] ACPI: Added _OSI(3.0 _SCP Extensions)
[    1.798048] ACPI: Added _OSI(Processor Aggregator Device)
[    1.813211] ACPI: Executed 1 blocks of module-level executable AML code
[    1.820432] ACPI: Interpreter enabled
[    1.822396] ACPI: (supports S0 S5)
[    1.831047] ACPI: Using IOAPIC for interrupt routing
[    1.836973] PCI: Using host bridge windows from ACPI; if necessary, use "pci=nocrs" and report a bug
[    1.881676] ACPI: PCI Root Bridge [PCI0] (domain 0000 [bus 00-ff])
[    1.884595] acpi PNP0A03:00: _OSC: OS supports [ASPM ClockPM Segments MSI]
[    1.888378] acpi PNP0A03:00: _OSC: not requesting OS control; OS requires [ExtendedConfig ASPM ClockPM MSI]
[    1.910460] acpi PNP0A03:00: fail to add MMCONFIG information, can't access extended PCI configuration space under this bridge.
[    1.929656] PCI host bridge to bus 0000:00
[    1.942908] pci_bus 0000:00: root bus resource [io  0x0000-0x0cf7 window]
[    1.946393] pci_bus 0000:00: root bus resource [io  0x0d00-0xffff window]
[    1.950465] pci_bus 0000:00: root bus resource [mem 0x000a0000-0x000bffff window]
[    1.971692] pci_bus 0000:00: root bus resource [mem 0x40000000-0xfdffffff window]
[    1.977616] pci_bus 0000:00: root bus resource [bus 00-ff]
[    1.986638] pci 0000:00:01.1: legacy IDE quirk: reg 0x10: [io  0x01f0-0x01f7]
[    2.001293] pci 0000:00:01.1: legacy IDE quirk: reg 0x14: [io  0x03f6]
[    2.006508] pci 0000:00:01.1: legacy IDE quirk: reg 0x18: [io  0x0170-0x0177]
[    2.032511] pci 0000:00:01.1: legacy IDE quirk: reg 0x1c: [io  0x0376]
[    2.069067] pci 0000:00:07.0: quirk: [io  0x4000-0x403f] claimed by PIIX4 ACPI
[    2.078871] pci 0000:00:07.0: quirk: [io  0x4100-0x410f] claimed by PIIX4 SMB
[    2.106656] ACPI: PCI Interrupt Link [LNKA] (IRQs 5 9 10 *11)
[    2.116228] ACPI: PCI Interrupt Link [LNKB] (IRQs 5 9 *10 11)
[    2.120787] ACPI: PCI Interrupt Link [LNKC] (IRQs 5 *9 10 11)
[    2.134191] ACPI: PCI Interrupt Link [LNKD] (IRQs 5 9 10 *11)
[    2.139385] ACPI: Enabled 2 GPEs in block 00 to 07
[    2.144980] vgaarb: setting as boot device: PCI:0000:00:02.0
[    2.149555] vgaarb: device added: PCI:0000:00:02.0,decodes=io+mem,owns=io+mem,locks=none
[    2.154152] vgaarb: loaded
[    2.155849] vgaarb: bridge control possible 0000:00:02.0
[    2.169724] SCSI subsystem initialized
[    2.172040] ACPI: bus type USB registered
[    2.174614] usbcore: registered new interface driver usbfs
[    2.177615] usbcore: registered new interface driver hub
[    2.180973] usbcore: registered new device driver usb
[    2.185751] PCI: Using ACPI for IRQ routing
[    2.196383] NetLabel: Initializing
[    2.198982] NetLabel:  domain hash size = 128
[    2.203265] NetLabel:  protocols = UNLABELED CIPSOv4
[    2.208544] NetLabel:  unlabeled traffic allowed by default
[    2.212368] amd_nb: Cannot enumerate AMD northbridges
[    2.220947] clocksource: Switched to clocksource kvm-clock
[    2.270676] AppArmor: AppArmor Filesystem Enabled
[    2.284485] pnp: PnP ACPI init
[    2.298478] pnp: PnP ACPI: found 3 devices
[    2.334231] clocksource: acpi_pm: mask: 0xffffff max_cycles: 0xffffff, max_idle_ns: 2085701024 ns
[    2.350263] NET: Registered protocol family 2
[    2.354652] TCP established hash table entries: 8192 (order: 4, 65536 bytes)
[    2.363566] TCP bind hash table entries: 8192 (order: 5, 131072 bytes)
[    2.367446] TCP: Hash tables configured (established 8192 bind 8192)
[    2.371107] UDP hash table entries: 512 (order: 2, 16384 bytes)
[    2.376942] UDP-Lite hash table entries: 512 (order: 2, 16384 bytes)
[    2.381216] NET: Registered protocol family 1
[    2.383376] pci 0000:00:00.0: Limiting direct PCI/PCI transfers
[    2.386510] pci 0000:00:01.0: Activating ISA DMA hang workarounds
[    2.400514] Unpacking initramfs...
[    3.185411] Freeing initrd memory: 14884K
[    3.188800] clocksource: tsc: mask: 0xffffffffffffffff max_cycles: 0x2135f5e6f15, max_idle_ns: 440795231538 ns
[    3.206011] platform rtc_cmos: registered platform RTC device (no PNP device found)
[    3.216073] Scanning for low memory corruption every 60 seconds
[    3.238093] audit: initializing netlink subsys (disabled)
[    3.248129] audit: type=2000 audit(1595964130.922:1): initialized
[    3.253052] Initialise system trusted keyring
[    3.264461] HugeTLB registered 2 MB page size, pre-allocated 0 pages
[    3.269813] zbud: loaded
[    3.271967] VFS: Disk quotas dquot_6.6.0
[    3.277795] VFS: Dquot-cache hash table entries: 512 (order 0, 4096 bytes)
[    3.281622] squashfs: version 4.0 (2009/01/31) Phillip Lougher
[    3.284788] fuse init (API version 7.23)
[    3.292427] Key type big_key registered
[    3.295156] Allocating IMA MOK and blacklist keyrings.
[    3.302492] Key type asymmetric registered
[    3.304736] Asymmetric key parser 'x509' registered
[    3.308179] Block layer SCSI generic (bsg) driver version 0.4 loaded (major 249)
[    3.312715] io scheduler noop registered
[    3.314892] io scheduler deadline registered (default)
[    3.316866] io scheduler cfq registered
[    3.318814] pci_hotplug: PCI Hot Plug PCI Core version: 0.5
[    3.323150] pciehp: PCI Express Hot Plug Controller Driver version: 0.4
[    3.331997] ACPI: AC Adapter [AC] (on-line)
[    3.335107] input: Power Button as /devices/LNXSYSTM:00/LNXPWRBN:00/input/input0
[    3.338422] ACPI: Power Button [PWRF]
[    3.340386] input: Sleep Button as /devices/LNXSYSTM:00/LNXSLPBN:00/input/input1
[    3.348919] ACPI: Sleep Button [SLPF]
[    3.350821] GHES: HEST is not enabled!
[    3.352674] Serial: 8250/16550 driver, 32 ports, IRQ sharing enabled
[    3.354657] ACPI: Battery Slot [BAT0] (battery present)
[    3.404478] 00:02: ttyS0 at I/O 0x3f8 (irq = 4, base_baud = 115200) is a 16550A
[    3.429659] Linux agpgart interface v0.103
[    3.444070] loop: module loaded
[    3.447663] scsi host0: ata_piix
[    3.450513] scsi host1: ata_piix
[    3.451864] ata1: PATA max UDMA/33 cmd 0x1f0 ctl 0x3f6 bmdma 0xd000 irq 14
[    3.463334] ata2: PATA max UDMA/33 cmd 0x170 ctl 0x376 bmdma 0xd008 irq 15
[    3.467145] libphy: Fixed MDIO Bus: probed
[    3.469036] tun: Universal TUN/TAP device driver, 1.6
[    3.471168] tun: (C) 1999-2004 Max Krasnyansky <maxk@qualcomm.com>
[    3.475801] PPP generic driver version 2.4.2
[    3.477855] ehci_hcd: USB 2.0 'Enhanced' Host Controller (EHCI) Driver
[    3.481698] ehci-pci: EHCI PCI platform driver
[    3.483771] ehci-platform: EHCI generic platform driver
[    3.485831] ohci_hcd: USB 1.1 'Open' Host Controller (OHCI) Driver
[    3.495402] ohci-pci: OHCI PCI platform driver
[    3.498535] ohci-platform: OHCI generic platform driver
[    3.500954] uhci_hcd: USB Universal Host Controller Interface driver
[    3.503193] i8042: PNP: PS/2 Controller [PNP0303:PS2K,PNP0f03:PS2M] at 0x60,0x64 irq 1,12
[    3.512955] serio: i8042 KBD port at 0x60,0x64 irq 1
[    3.514808] serio: i8042 AUX port at 0x60,0x64 irq 12
[    3.516542] mousedev: PS/2 mouse device common for all mice
[    3.518977] input: AT Translated Set 2 keyboard as /devices/platform/i8042/serio0/input/input2
[    3.535221] rtc_cmos rtc_cmos: rtc core: registered rtc_cmos as rtc0
[    3.538716] rtc_cmos rtc_cmos: alarms up to one day, 114 bytes nvram
[    3.545231] i2c /dev entries driver
[    3.547701] device-mapper: uevent: version 1.0.3
[    3.549568] device-mapper: ioctl: 4.34.0-ioctl (2015-10-28) initialised: dm-devel@redhat.com
[    3.555173] ledtrig-cpu: registered to indicate activity on CPUs
[    3.570456] NET: Registered protocol family 10
[    3.571999] NET: Registered protocol family 17
[    3.575575] Key type dns_resolver registered
[    3.582245] registered taskstats version 1
[    3.584472] Loading compiled-in X.509 certificates
[    3.599199] Loaded X.509 cert 'Build time autogenerated kernel key: cef5e81496c0efa51b848ab539e845ddf31c08be'
[    3.605792] zswap: loaded using pool lzo/zbud
[    3.620009] Key type trusted registered
[    3.666430] Key type encrypted registered
[    3.668385] AppArmor: AppArmor sha1 policy hashing enabled
[    3.671277] ima: No TPM chip found, activating TPM-bypass!
[    3.673052] ima: Allocated hash algorithm: sha1
[    3.677341] evm: HMAC attrs: 0x1
[    3.682119]   Magic number: 12:948:395
[    3.683283] pci 0000:00:07.0: hash matches
[    3.685174] rtc_cmos rtc_cmos: setting system clock to 2020-07-28 19:22:03 UTC (1595964123)
[    3.701880] BIOS EDD facility v0.16 2004-Jun-25, 0 devices found
[    3.704403] EDD information not available.
[    3.712714] Freeing unused kernel memory: 1492K
[    3.725399] Write protecting the kernel read-only data: 14336k
[    3.728854] Freeing unused kernel memory: 1592K
[    3.730713] Freeing unused kernel memory: 56K
Loading, please wait...
starting version 229
[    3.802823] random: udevadm: uninitialized urandom read (16 bytes read, 5 bits of entropy available)
[    3.803858] random: systemd-udevd: uninitialized urandom read (16 bytes read, 5 bits of entropy available)
[    3.803974] random: systemd-udevd: uninitialized urandom read (16 bytes read, 5 bits of entropy available)
[    3.803991] random: systemd-udevd: uninitialized urandom read (16 bytes read, 5 bits of entropy available)
[    3.804010] random: systemd-udevd: uninitialized urandom read (16 bytes read, 5 bits of entropy available)
[    3.837376] random: udevadm: uninitialized urandom read (16 bytes read, 5 bits of entropy available)
[    3.865734] random: systemd-udevd: uninitialized urandom read (16 bytes read, 5 bits of entropy available)
[    3.868253] random: udevadm: uninitialized urandom read (16 bytes read, 5 bits of entropy available)
[    3.868359] random: udevadm: uninitialized urandom read (16 bytes read, 5 bits of entropy available)
[    3.868650] random: udevadm: uninitialized urandom read (16 bytes read, 5 bits of entropy available)
[    4.077136] Fusion MPT base driver 3.04.20
[    4.079041] Copyright (c) 1999-2008 LSI Corporation
[    4.085475] e1000: Intel(R) PRO/1000 Network Driver - version 7.3.21-k8-NAPI
[    4.100799] e1000: Copyright (c) 1999-2006 Intel Corporation.
[    4.152910] Fusion MPT SPI Host driver 3.04.20
[    4.172423] mptbase: ioc0: Initiating bringup
[    4.182059] AVX2 version of gcm_enc/dec engaged.
[    4.184215] AES CTR mode by8 optimization enabled
[    4.387263] input: ImExPS/2 Generic Explorer Mouse as /devices/platform/i8042/serio1/input/input4
[    4.409286] ioc0: LSI53C1030 A0: Capabilities={Initiator}
[    4.581143] scsi host2: ioc0: LSI53C1030 A0, FwRev=00000000h, Ports=1, MaxQ=256, IRQ=20
[    4.703988] scsi 2:0:0:0: Direct-Access     VBOX     HARDDISK         1.0  PQ: 0 ANSI: 5
[    4.712081] scsi target2:0:0: Beginning Domain Validation
[    4.718452] scsi target2:0:0: Domain Validation skipping write tests
[    4.728487] scsi target2:0:0: Ending Domain Validation
[    4.733138] scsi target2:0:0: asynchronous
[    4.739316] scsi 2:0:1:0: Direct-Access     VBOX     HARDDISK         1.0  PQ: 0 ANSI: 5
[    4.761028] scsi target2:0:1: Beginning Domain Validation
[    4.769098] scsi target2:0:1: Domain Validation skipping write tests
[    4.776636] scsi target2:0:1: Ending Domain Validation
[    4.786303] scsi target2:0:1: asynchronous
[    4.822714] sd 2:0:0:0: Attached scsi generic sg0 type 0
[    4.845349] sd 2:0:0:0: [sda] 20971520 512-byte logical blocks: (10.7 GB/10.0 GiB)
[    4.871279] sd 2:0:1:0: Attached scsi generic sg1 type 0
[    4.882747] sd 2:0:0:0: [sda] Write Protect is off
[    4.895215] sd 2:0:1:0: [sdb] 20480 512-byte logical blocks: (10.5 MB/10.0 MiB)
[    4.900628] sd 2:0:0:0: [sda] Incomplete mode parameter data
[    4.903541] sd 2:0:0:0: [sda] Assuming drive cache: write through
[    4.913678] sd 2:0:1:0: [sdb] Write Protect is off
[    4.927263] sd 2:0:1:0: [sdb] Incomplete mode parameter data
[    4.931033] sd 2:0:1:0: [sdb] Assuming drive cache: write through
[    4.951367]  sda: sda1
[    4.972245] sd 2:0:1:0: [sdb] Attached SCSI disk
[    4.983729] sd 2:0:0:0: [sda] Attached SCSI disk
[    5.682151] e1000 0000:00:03.0 eth0: (PCI:33MHz:32-bit) 02:81:88:50:25:98
[    5.694401] e1000 0000:00:03.0 eth0: Intel(R) PRO/1000 Network Connection
[    6.457547] e1000 0000:00:08.0 eth1: (PCI:33MHz:32-bit) 08:00:27:44:c4:dc
[    6.460667] e1000 0000:00:08.0 eth1: Intel(R) PRO/1000 Network Connection
[    6.465612] e1000 0000:00:03.0 enp0s3: renamed from eth0
[    6.473647] e1000 0000:00:08.0 enp0s8: renamed from eth1
Begin: Loading essential drivers ... [    8.194495] md: linear personality registered for level -1
[    8.220802] md: multipath personality registered for level -4
[    8.232729] md: raid0 personality registered for level 0
[    8.255569] md: raid1 personality registered for level 1
[    8.361018] raid6: sse2x1   gen()   875 MB/s
[    8.433136] raid6: sse2x1   xor()   790 MB/s
[    8.501098] raid6: sse2x2   gen()  5017 MB/s
[    8.569049] raid6: sse2x2   xor()  3319 MB/s
[    8.637066] raid6: sse2x4   gen()  3317 MB/s
[    8.713637] raid6: sse2x4   xor()  2503 MB/s
[    8.786740] raid6: avx2x1   gen()  5847 MB/s
[    8.861216] raid6: avx2x2   gen()  5901 MB/s
[    8.933643] raid6: avx2x4   gen() 10467 MB/s
[    8.935652] raid6: using algorithm avx2x4 gen() 10467 MB/s
[    8.938679] raid6: using avx2x2 recovery algorithm
[    8.953636] xor: automatically using best checksumming function:
[    9.005620]    avx       : 17464.000 MB/sec
[    9.023764] async_tx: api initialized (async)
[    9.070538] md: raid6 personality registered for level 6
[    9.078388] md: raid5 personality registered for level 5
[    9.086712] md: raid4 personality registered for level 4
[    9.112733] md: raid10 personality registered for level 10
done.
Begin: Running /scripts/init-premount ... done.
Begin: Mounting root file system ... Begin: Running /scripts/local-top ... done.
Begin: Running /scripts/local-premount ... [    9.220193] Btrfs loaded
Scanning for Btrfs filesystems
done.
Warning: fsck not present, so skipping root file system
[    9.334251] EXT4-fs (sda1): mounted filesystem with ordered data mode. Opts: (null)
done.
Begin: Running /scripts/local-bottom ... done.
Begin: Running /scripts/init-bottom ... done.
[    9.810713] systemd[1]: systemd 229 running in system mode. (+PAM +AUDIT +SELINUX +IMA +APPARMOR +SMACK +SYSVINIT +UTMP +LIBCRYPTSETUP +GCRYPT +GNUTLS +ACL +XZ -LZ4 +SECCOMP +BLKID +ELFUTILS +KMOD -IDN)
[    9.830916] systemd[1]: Detected virtualization oracle.
[    9.834002] systemd[1]: Detected architecture x86-64.

Welcome to [1mUbuntu 16.04.6 LTS[0m!

[    9.856526] systemd[1]: Set hostname to <ubuntu>.
[    9.866835] systemd[1]: Initializing machine ID from random generator.
[    9.878252] systemd[1]: Installed transient /etc/machine-id file.
[   10.155850] random: nonblocking pool is initialized
[   10.501068] systemd[1]: Started Trigger resolvconf update for networkd DNS.
[[0;32m  OK  [0m] Started Trigger resolvconf update for networkd DNS.
[   10.537763] systemd[1]: Reached target Encrypted Volumes.
[[0;32m  OK  [0m] Reached target Encrypted Volumes.
[   10.552783] systemd[1]: Listening on udev Kernel Socket.
[[0;32m  OK  [0m] Listening on udev Kernel Socket.
[   10.569669] systemd[1]: Listening on /dev/initctl Compatibility Named Pipe.
[[0;32m  OK  [0m] Listening on /dev/initctl Compatibility Named Pipe.
[   10.588395] systemd[1]: Listening on Journal Audit Socket.
[[0;32m  OK  [0m] Listening on Journal Audit Socket.
[   10.600719] systemd[1]: Reached target User and Group Name Lookups.
[[0;32m  OK  [0m] Reached target User and Group Name Lookups.
[   10.617481] systemd[1]: Listening on Journal Socket (/dev/log).
[[0;32m  OK  [0m] Listening on Journal Socket (/dev/log).
[   10.631301] systemd[1]: Reached target Swap.
[[0;32m  OK  [0m] Reached target Swap.
[   10.636905] systemd[1]: Created slice System Slice.
[[0;32m  OK  [0m] Created slice System Slice.
[   10.652077] systemd[1]: Created slice system-serial\x2dgetty.slice.
[[0;32m  OK  [0m] Created slice system-serial\x2dgetty.slice.
[   10.665715] systemd[1]: Listening on LVM2 metadata daemon socket.
[[0;32m  OK  [0m] Listening on LVM2 metadata daemon socket.
[   10.685880] systemd[1]: Started Forward Password Requests to Wall Directory Watch.
[[0;32m  OK  [0m] Started Forward Password Requests to Wall Directory Watch.
[   10.699019] systemd[1]: Listening on Device-mapper event daemon FIFOs.
[[0;32m  OK  [0m] Listening on Device-mapper event daemon FIFOs.
[   10.716496] systemd[1]: Listening on udev Control Socket.
[[0;32m  OK  [0m] Listening on udev Control Socket.
[   10.723587] systemd[1]: Listening on LVM2 poll daemon socket.
[[0;32m  OK  [0m] Listening on LVM2 poll daemon socket.
[   10.734694] systemd[1]: Created slice User and Session Slice.
[[0;32m  OK  [0m] Created slice User and Session Slice.
[   10.749766] systemd[1]: Listening on Syslog Socket.
[[0;32m  OK  [0m] Listening on Syslog Socket.
[   10.757649] systemd[1]: Listening on Journal Socket.
[[0;32m  OK  [0m] Listening on Journal Socket.
[   10.777569] systemd[1]: Starting Create list of required static device nodes for the current kernel...
         Starting Create list of required st... nodes for the current kernel...
[   10.796242] systemd[1]: Starting Remount Root and Kernel File Systems...
         Starting Remount Root and Kernel File Systems...
[   10.826534] EXT4-fs (sda1): re-mounted. Opts: (null)
[   10.831278] systemd[1]: Starting Nameserver information manager...
         Starting Nameserver information manager...
[   10.852016] systemd[1]: Starting Journal Service...
         Starting Journal Service...
[   10.867447] systemd[1]: Mounting POSIX Message Queue File System...
         Mounting POSIX Message Queue File System...
[   10.911923] systemd[1]: Starting Set console keymap...
         Starting Set console keymap...
[   10.946477] systemd[1]: Starting Load Kernel Modules...
         Starting Load Kernel Modules...
[   10.966338] systemd[1]: Mounting Huge Pages File System...
         Mounting Huge Pages File System...
[   11.015311] systemd[1]: Starting Uncomplicated firewall...
         Starting Uncomplicated firewall...
[   11.047307] systemd[1]: Starting Monitoring of LVM2 mirrors, snapshots etc. using dmeventd or progress polling...
         Starting Monitoring of LVM2 mirrors... dmeventd or progress polling...
[   11.063973] systemd[1]: Reached target System Time Synchronized.
[[0;32m  OK  [0m] Reached target System Time Synchronized.
[   11.079498] Loading iSCSI transport class v2.0-870.
[   11.081209] systemd[1]: Mounting Debug File System...
         Mounting Debug File System...
[   11.113531] systemd[1]: Reached target Slices.
[[0;32m  OK  [0m] Reached target Slices.
[   11.148091] systemd[1]: Set up automount Arbitrary Executable File Formats File System Automount Point.
[[0;32m  OK  [0m] Set up automount Arbitrary Executab...ats File System Automount Point.
[   11.195177] iscsi: registered transport (tcp)
[   11.215834] systemd[1]: Mounted Huge Pages File System.
[[0;32m  OK  [0m] Mounted Huge Pages File System.
[   11.223062] systemd[1]: Mounted POSIX Message Queue File System.
[[0;32m  OK  [0m] Mounted POSIX Message Queue File System.
[   11.233215] systemd[1]: Mounted Debug File System.
[[0;32m  OK  [0m] Mounted Debug File System.
[   11.246594] systemd[1]: Started Journal Service.
[[0;32m  OK  [0m] Started Journal Service.
[[0;32m  OK  [0m] Started Create list of required sta...ce nodes for the current kernel.
[[0;32m  OK  [0m] Started Remount Root and Kernel File Systems.
[   11.309876] iscsi: registered transport (iser)
[[0;32m  OK  [0m] Started Set console keymap.
[[0;32m  OK  [0m] Started Load Kernel Modules.
[[0;32m  OK  [0m] Started Uncomplicated firewall.
[[0;32m  OK  [0m] Started Nameserver information manager.
[[0;32m  OK  [0m] Started LVM2 metadata daemon.
         Starting Apply Kernel Variables...
         Mounting FUSE Control File System...
         Starting Load/Save Random Seed...
         Starting udev Coldplug all Devices...
         Starting Create Static Device Nodes in /dev...
         Starting Flush Journal to Persistent Storage...
[[0;32m  OK  [0m] Mounted FUSE Control File System.
[[0;32m  OK  [0m] Started Apply Kernel Variables.
[[0;32m  OK  [0m] Started Load/Save Random Seed.
[[0;32m  OK  [0m] Started Flush Journal to Persistent Storage.
[[0;32m  OK  [0m] Started Create Static Device Nodes in /dev.
         Starting udev Kernel Device Manager...
[[0;32m  OK  [0m] Started udev Coldplug all Devices.
[[0;32m  OK  [0m] Started udev Kernel Device Manager.
[[0;32m  OK  [0m] Started Dispatch Password Requests to Console Directory Watch.
[[0;32m  OK  [0m] Started Monitoring of LVM2 mirrors,...ng dmeventd or progress polling.
[[0;32m  OK  [0m] Reached target Local File Systems (Pre).
[[0;32m  OK  [0m] Reached target Local File Systems.
         Starting Tell Plymouth To Write Out Runtime Data...
         Starting Initial cloud-init job (pre-networking)...
         Starting Commit a transient machine-id on disk...
         Starting LSB: AppArmor initialization...
         Starting Set console font and keymap...
         Starting Create Volatile Files and Directories...
[[0;32m  OK  [0m] Started Tell Plymouth To Write Out Runtime Data.
[[0;32m  OK  [0m] Started Commit a transient machine-id on disk.
[[0;32m  OK  [0m] Started Create Volatile Files and Directories.
         Starting Update UTMP about System Boot/Shutdown...
[[0;32m  OK  [0m] Started Update UTMP about System Boot/Shutdown.
[[0;32m  OK  [0m] Found device /dev/ttyS0.
[[0;32m  OK  [0m] Listening on Load/Save RF Kill Switch Status /dev/rfkill Watch.
[   16.095284] [[0;32m  OK  [0m] Started LSB: AppArmor initialization.
cloud-init[484]: Cloud-init v. 20.2-45-g5f7825e2-0ubuntu1~16.04.1 running 'init-local' at Tue, 28 Jul 2020 19:22:15 +0000. Up 14.52 seconds.
[[0;32m  OK  [0m] Started Initial cloud-init job (pre-networking).
[[0;32m  OK  [0m] Reached target Network (Pre).
         Starting Load AppArmor profiles managed internally by snapd...
         Starting Raise network interfaces...
[[0;32m  OK  [0m] Started Load AppArmor profiles managed internally by snapd.
[[0;32m  OK  [0m] Started Set console font and keymap.
[[0;32m  OK  [0m] Created slice system-getty.slice.
[[0;32m  OK  [0m] Started Raise network interfaces.
[[0;32m  OK  [0m] Reached target Network.
         Starting Initial cloud-init job (metadata service crawler)...
[   21.844203] cloud-init[964]: Cloud-init v. 20.2-45-g5f7825e2-0ubuntu1~16.04.1 running 'init' at Tue, 28 Jul 2020 19:22:20 +0000. Up 19.31 seconds.
[   21.861045] cloud-init[964]: ci-info: ++++++++++++++++++++++++++++++++++++++Net device info+++++++++++++++++++++++++++++++++++++++
[   21.897708] cloud-init[964]: ci-info: +--------+-------+----------------------------+---------------+--------+-------------------+
[   21.926597] cloud-init[964]: ci-info: | Device |   Up  |          Address           |      Mask     | Scope  |     Hw-Address    |
[   21.962416] cloud-init[964]: ci-info: +--------+-------+----------------------------+---------------+--------+-------------------+
[   21.981694] cloud-init[964]: ci-info: | enp0s3 |  True |         10.0.2.15          | 255.255.255.0 | global | 02:81:88:50:25:98 |
[   21.985043] cloud-init[964]: ci-info: | enp0s3 |  True | fe80::81:88ff:fe50:2598/64 |       .       |  link  | 02:81:88:50:25:98 |
[   21.996871] cloud-init[964]: ci-info: | enp0s8 | False |             .              |       .       |   .    | 08:00:27:44:c4:dc |
[   22.007416] cloud-init[964]: ci-info: |   lo   |  True |         127.0.0.1          |   255.0.0.0   |  host  |         .         |
[   22.010779] cloud-init[964]: ci-info: |   lo   |  True |          ::1/128           |       .       |  host  |         .         |
[   22.014171] cloud-init[964]: ci-info: +--------+-------+----------------------------+---------------+--------+-------------------+
[   22.025245] cloud-init[964]: ci-info: +++++++++++++++++++++++++++Route IPv4 info++++++++++++++++++++++++++++
[   22.029144] cloud-init[964]: ci-info: +-------+-------------+----------+---------------+-----------+-------+
[   22.039752] cloud-init[964]: ci-info: | Route | Destination | Gateway  |    Genmask    | Interface | Flags |
[   22.049016] cloud-init[964]: ci-info: +-------+-------------+----------+---------------+-----------+-------+
[   22.056594] cloud-init[964]: ci-info: |   0   |   0.0.0.0   | 10.0.2.2 |    0.0.0.0    |   enp0s3  |   UG  |
[   22.069392] cloud-init[964]: ci-info: |   1   |   10.0.2.0  | 0.0.0.0  | 255.255.255.0 |   enp0s3  |   U   |
[   22.075017] cloud-init[964]: ci-info: +-------+-------------+----------+---------------+-----------+-------+
[   22.078133] cloud-init[964]: ci-info: +++++++++++++++++++Route IPv6 info+++++++++++++++++++
[   22.089155] cloud-init[964]: ci-info: +-------+-------------+---------+-----------+-------+
[   22.092284] cloud-init[964]: ci-info: | Route | Destination | Gateway | Interface | Flags |
[   22.096062] cloud-init[964]: ci-info: +-------+-------------+---------+-----------+-------+
[   22.111393] cloud-init[964]: ci-info: |   0   |  fe80::/64  |    ::   |   enp0s3  |   U   |
[   22.128070] cloud-init[964]: ci-info: |   4   |   ff00::/8  |    ::   |   enp0s3  |   U   |
[   22.138267] cloud-init[964]: ci-info: +-------+-------------+---------+-----------+-------+
[   22.147663] cloud-init[964]: Generating public/private rsa key pair.
[   22.158588] cloud-init[964]: Your identification has been saved in /etc/ssh/ssh_host_rsa_key.
[   22.164548] cloud-init[964]: Your public key has been saved in /etc/ssh/ssh_host_rsa_key.pub.
[   22.184781] cloud-init[964]: The key fingerprint is:
[   22.192384] cloud-init[964]: SHA256:rnrLHMEny6kE8xKFrYHpVEBhzeu+Kyon3FMZCoAoGq0 root@ubuntu-xenial
[   22.213035] cloud-init[964]: The key's randomart image is:
[   22.226219] cloud-init[964]: +---[RSA 2048]----+
[   22.244578] cloud-init[964]: |+*=.             |
[   22.254649] cloud-init[964]: |Boo=             |
[   22.259062] cloud-init[964]: |*+o +            |
[   22.276665] cloud-init[964]: |E. = o           |
[   22.292810] cloud-init[964]: | .B . * S        |
[   22.304634] cloud-init[964]: |   B + B         |
[   22.312018] cloud-init[964]: |. + + = .        |
[   22.323439] cloud-init[964]: |oo.* +.o         |
[   22.326072] cloud-init[964]: |+o.o*o=.         |
[   22.341881] cloud-init[964]: +----[SHA256]-----+
[   22.345537] cloud-init[964]: Generating public/private dsa key pair.
[   22.350928] cloud-init[964]: Your identification has been saved in /etc/ssh/ssh_host_dsa_key.
[   22.358333] cloud-init[964]: Your public key has been saved in /etc/ssh/ssh_host_dsa_key.pub.
[   22.362980] cloud-init[964]: The key fingerprint is:
[   22.382643] cloud-init[964]: SHA256:EZK/wzw82TJKUroe1BmruRg3RHa44M0ykcnDksGv2PU root@ubuntu-xenial
[   22.395494] cloud-init[964]: The key's randomart image is:
[   22.418351] cloud-init[964]: +---[DSA 1024]----+
[   22.423340] cloud-init[964]: |o     ...        |
[   22.427110] cloud-init[964]: | * o ... .       |
[   22.438515] cloud-init[964]: |o X + o..        |
[   22.443250] cloud-init[964]: | o X.+.+..       |
[   22.446403] cloud-init[964]: |..=.*+++S+       |
[[0;32m  OK  [0m] Started Initial cloud-init job (metadata service crawler).
[   22.459478] cloud-init[964]: |...=ooE % .      |
[   22.506031] cloud-init[964]: |  . *+ . *       |
[   22.506318] [cloud-init[0;32m  OK  [0m[964]: ] |   +.+.          |Reached target System Initialization.

[[   22.506407] [0;32m  OK  [0mcloud-init] [964]: Listening on D-Bus System Message Bus Socket.|  ..o            |

[   22.522243] cloud-init[964]: +----[SHA256]-----+
[   22.522667] [cloud-init[0;32m  OK  [0m[964]: ] Generating public/private ecdsa key pair.Started ACPI Events Check.

[   22.522770] cloud-init[964]: Your identification has been saved in /etc/ssh/ssh_host_ecdsa_key.
[   22.527548] cloud-init[964]: Your public key has been saved in /etc/ssh/ssh_host_ecdsa_key.pub.
[   22.527760] cloud-init[964]: The key fingerprint is:
[   22.527901] cloud-init[964]: SHA256:2nWmUJJrCVPTEy/+APItsiTSQwSDrXuojVgNrZZrzz4 root@ubuntu-xenial
[   22.528127] cloud-init[964]: The key's randomart image is:
[   22.528451] cloud-init[964]: +---[ECDSA 256]---+
[[0;32m  OK  [0m] Reached target Paths.
[[   22.528900] cloud-init[964]: | oo..   o...     |
[   22.559958] cloud-init[964]: |. .o   . oo.     |
[0;32m  OK  [0m[   22.560558] ] cloud-initListening on ACPID Listen Socket.[964]: 
| . .. + + o..    |
[[0;32m  OK  [0m[   22.561095] cloud-init[964]: |. .o.  = O .     |
] Started Message of the Day.
[   22.575861] cloud-init[964]: | o.=+ o S = o    |
         Starting Socket activation for snappy daemon.[   22.583296] 
cloud-init[964]: |o *..+ * + *     |
[   22.596220] cloud-init[964]: |o* .  o . . .    |
[   22.596477] cloud-init[964]: |+ +.E            |
         Starting LXD - unix socket.
[[   22.596559] cloud-init[964]: | . o+.           |
[0;32m  OK  [0m] Listening on UUID daemon activation socket.
[[0;32m  OK  [0m] Started Daily Cleanup of Temporary Directories.
[   22.623111] cloud-init[964]: +----[SHA256]-----+
[   22.659111] cloud-init[964]: Generating public/private ed25519 key pair.
[[0;32m  OK  [0m] Started Daily apt download activities.
[   22.659532] cloud-init[964]: Your identification has been saved in /etc/ssh/ssh_host_ed25519_key.
[   22.673804] cloud-init[964]: Your public key has been saved in /etc/ssh/ssh_host_ed25519_key.pub.
[   22.677141] cloud-init[964]: The key fingerprint is:
[[0;32m  OK  [0m] Started Daily apt upgrade and clean activities.
[   22.677561] cloud-init[964]: SHA256:En/9pDsJiy0djDb4iLmCizz3ZTdBjuEJfFKYgwkCq6A root@ubuntu-xenial
[   22.705226] cloud-init[964]: The key's randomart image is:
[   22.715083] cloud-init[964]: +--[ED25519 256]--+
[[   22.715628] [0;32m  OK  [0mcloud-init] [964]: Reached target Timers.|+.. o o.         |

[   22.715717] cloud-init[964]: |.. o.+.          |
[[0;32m  OK  [0m] Reached target Cloud-config availability.
[   22.741600] cloud-init[964]: |o    +oo .       |
[   22.755356] [[0;32m  OK  [0m] Reached target Network is Online.
cloud-init[964]: |+     =o*  .     |
[   22.775553] cloud-init[964]: |E     .=S=. . .  |
[   22.788275] cloud-init[964]: |      ..+.=  +   |
[   22.792520] cloud-init[964]:          Starting iSCSI initiator daemon (iscsid)...
[[0;32m  OK  [0m] Listening on Socket activation for snappy daemon.
[[0;32m  OK  [0m] Listening on LXD - unix socket.
[[0;32m  OK  [0m] Reached target Sockets.
[[0;32m  OK  [0m] Reached target Basic System.
| .   o * B +...  |
[   22.818745] cloud-init[964]: |+...o + = = o.   |
         Starting Virtualbox guest utils...
[   22.819856] cloud-init[964]: |ooo.oo   .  ..   |
         Starting Pollinate to seed the pseudo random number generator...
[   22.837343] cloud-init[964]: +----[SHA256]-----+
[[0;32m  OK  [0m] Started FUSE filesystem for LXC.
         Starting Accounts Service...
         Starting LXD - container startup/shutdown...
         Starting /etc/rc.local Compatibility...
         Starting LSB: MD monitoring daemon...
         Starting Login Service...
         Starting LSB: Record successful boot for GRUB...
[[0;32m  OK  [0m] Started Regular background program processing daemon.
[[0;32m  OK  [0m] Started D-Bus System Message Bus.
[[0;32m  OK  [0m] Started Deferred execution scheduler.
[[0;32m  OK  [0m] Started ACPI event daemon.
         Starting System Logging Service...
         Starting Snap Daemon...
[[0;32m  OK  [0m] Started /etc/rc.local Compatibility.
[[0;32m  OK  [0m] Started iSCSI initiator daemon (iscsid).
[[0;32m  OK  [0m] Started System Logging Service.
[[0;32m  OK  [0m] Started Login Service.
[[0;32m  OK  [0m] Started Unattended Upgrades Shutdown.
         Starting Authenticate and Authorize Users to Run Privileged Tasks...
         Starting Login to default iSCSI targets...
[[0;32m  OK  [0m] Started LSB: Record successful boot for GRUB.
[[0;32m  OK  [0m] Started LXD - container startup/shutdown.
[[0;32m  OK  [0m] Started Login to default iSCSI targets.
[[0;32m  OK  [0m] Started LSB: MD monitoring daemon.
[[0;32m  OK  [0m] Reached target Remote File Systems (Pre).
[[0;32m  OK  [0m] Reached target Remote File Systems.
         Starting Permit User Sessions...
         Starting LSB: Set the CPU Frequency Scaling governor to "ondemand"...
         Starting LSB: automatic crash report generation...
         Starting LSB: daemon to balance interrupts for SMP systems...
[[0;32m  OK  [0m] Started Permit User Sessions.
[[0;32m  OK  [0m] Started Authenticate and Authorize Users to Run Privileged Tasks.
[[0;32m  OK  [0m] Started Accounts Service.
         Starting Hold until boot process finishes up...
         Starting Terminate Plymouth Boot Screen...
[[0;32m  OK  [0m] Started Hold until boot process finishes up.
[[0;32m  OK  [0m] Started Serial Getty on ttyS0.
         Starting Set console scheme...
[[0;32m  OK  [0m] Started Getty on tty1.
[[0;32m  OK  [0m] Reached target Login Prompts.
[[0;32m  OK  [0m] Started LSB: Set the CPU Frequency Scaling governor to "ondemand".
[[0;32m  OK  [0m] Started Terminate Plymouth Boot Screen.
[[0;32m  OK  [0m] Started Set console scheme.
[[0;32m  OK  [0m] Started LSB: automatic crash report generation.
[[0;32m  OK  [0m] Started LSB: daemon to balance interrupts for SMP systems.
[[0;32m  OK  [0m] Started Virtualbox guest utils.
[[0;32m  OK  [0m] Started Pollinate to seed the pseudo random number generator.
         Starting OpenBSD Secure Shell server...
[[0;32m  OK  [0m] Started OpenBSD Secure Shell server.
[[0;32m  OK  [0m] Started Snap Daemon.
         Starting Wait until snapd is fully seeded...
[[0;32m  OK  [0m] Started Wait until snapd is fully seeded.
         Starting Apply the settings specified in cloud-config...
[[0;32m  OK  [0m] Reached target Multi-User System.
[[0;32m  OK  [0m] Reached target Graphical Interface.
         Starting Update UTMP about System Runlevel Changes...
[[0;32m  OK  [0m] Created slice User Slice of vagrant.
         Starting User Manager for UID 1000...
[[0;32m  OK  [0m] Started Update UTMP about System Runlevel Changes.
[[0;32m  OK  [0m] Started Session 1 of user vagrant.
[[0;32m  OK  [0m] Started User Manager for UID 1000.
[   29.367788] cloud-init[1326]: Generating locales (this might take a while)...

Ubuntu 16.04.6 LTS ubuntu-xenial ttyS0

ubuntu-xenial login: [   33.078222] cloud-init[1326]:   en_US.UTF-8... done
[   33.079843] cloud-init[1326]: Generation complete.
[   35.037426] cloud-init[1326]: Cloud-init v. 20.2-45-g5f7825e2-0ubuntu1~16.04.1 running 'modules:config' at Tue, 28 Jul 2020 19:22:29 +0000. Up 28.69 seconds.
ci-info: no authorized SSH keys fingerprints found for user ubuntu.
<14>Jul 28 19:22:39 ec2: 
<14>Jul 28 19:22:39 ec2: #############################################################
<14>Jul 28 19:22:39 ec2: -----BEGIN SSH HOST KEY FINGERPRINTS-----
<14>Jul 28 19:22:39 ec2: 1024 SHA256:EZK/wzw82TJKUroe1BmruRg3RHa44M0ykcnDksGv2PU root@ubuntu-xenial (DSA)
<14>Jul 28 19:22:39 ec2: 256 SHA256:2nWmUJJrCVPTEy/+APItsiTSQwSDrXuojVgNrZZrzz4 root@ubuntu-xenial (ECDSA)
<14>Jul 28 19:22:39 ec2: 256 SHA256:En/9pDsJiy0djDb4iLmCizz3ZTdBjuEJfFKYgwkCq6A root@ubuntu-xenial (ED25519)
<14>Jul 28 19:22:39 ec2: 2048 SHA256:rnrLHMEny6kE8xKFrYHpVEBhzeu+Kyon3FMZCoAoGq0 root@ubuntu-xenial (RSA)
<14>Jul 28 19:22:39 ec2: -----END SSH HOST KEY FINGERPRINTS-----
<14>Jul 28 19:22:39 ec2: #############################################################
-----BEGIN SSH HOST KEY KEYS-----
ecdsa-sha2-nistp256 AAAAE2VjZHNhLXNoYTItbmlzdHAyNTYAAAAIbmlzdHAyNTYAAABBBDha7UqYs+QSwyDhTbjpG9QQ3VRwPCtiNc5YwE8+mRQekPRtJv9TiWQwiGyhtY/iWv73It6q8pKSkB+TPYluDR4= root@ubuntu-xenial
ssh-ed25519 AAAAC3NzaC1lZDI1NTE5AAAAIIdju+BA6OPcQfzwHzahSfcTorqUZBvdsbpQ3C6Zdk67 root@ubuntu-xenial
ssh-rsa AAAAB3NzaC1yc2EAAAADAQABAAABAQCordH/94HfTWNw5zQJIFZ3Ji+u3ZRtVpIMxLoMFdEudogbFxYWZ4RJRb2bbZ9SEZt+DA3M5gyeZjIrz7YEW7mgZmJUR5I4D4uN6LWL2livucfzuOu86a5VDuaW2NsXnxyglzDW6yRgXYiXsF6PmmzLyYUpuPhAbY/RJBfCp2RtjEZhlIMuD9ERhNOZrokwz4pENal0t0/y/z+zajyHKTtnF2mzh+9hIrbIg/1sVxMhEe91a0iaqXRwUecdSIc6h1XP7unxafPZBr10OVnOpsDZLwird2NEry6yVJKeWXaiA/vyLy/c/mC7M+HGIF9S119Q6IQNZQTlzhkSlXzSVec3 root@ubuntu-xenial
-----END SSH HOST KEY KEYS-----
[   38.661231] cloud-init[1593]: Cloud-init v. 20.2-45-g5f7825e2-0ubuntu1~16.04.1 running 'modules:final' at Tue, 28 Jul 2020 19:22:38 +0000. Up 37.58 seconds.
[   38.680014] cloud-init[1593]: ci-info: no authorized SSH keys fingerprints found for user ubuntu.
[   38.718928] cloud-init[1593]: Cloud-init v. 20.2-45-g5f7825e2-0ubuntu1~16.04.1 finished at Tue, 28 Jul 2020 19:22:39 +0000. Datasource DataSourceNoCloud [seed=/dev/sdb][dsmode=net].  Up 38.63 seconds
